[25-Sep-2020 09:34:19] NOTICE: fpm is running, pid 20420
[25-Sep-2020 09:34:19] NOTICE: ready to handle connections
[27-Sep-2020 21:11:46] NOTICE: Terminating ...
[27-Sep-2020 21:11:46] NOTICE: Terminating ...
[27-Sep-2020 21:11:46] NOTICE: exiting, bye-bye!
[29-Sep-2020 21:15:14] NOTICE: fpm is running, pid 3897
[29-Sep-2020 21:15:14] NOTICE: ready to handle connections
[29-Sep-2020 22:11:14] NOTICE: Terminating ...
[29-Sep-2020 22:11:14] NOTICE: Terminating ...
[29-Sep-2020 22:11:14] NOTICE: exiting, bye-bye!
[30-Sep-2020 10:36:33] NOTICE: fpm is running, pid 5540
[30-Sep-2020 10:36:33] NOTICE: ready to handle connections
[30-Sep-2020 11:40:42] NOTICE: Terminating ...
[30-Sep-2020 11:40:42] NOTICE: Terminating ...
[30-Sep-2020 11:40:42] NOTICE: exiting, bye-bye!
[30-Sep-2020 20:40:59] NOTICE: fpm is running, pid 7323
[30-Sep-2020 20:40:59] NOTICE: ready to handle connections
[30-Sep-2020 22:09:15] NOTICE: Terminating ...
[30-Sep-2020 22:09:15] NOTICE: Terminating ...
[30-Sep-2020 22:09:15] NOTICE: exiting, bye-bye!
[05-Oct-2020 11:36:01] NOTICE: fpm is running, pid 22848
[05-Oct-2020 11:36:01] NOTICE: ready to handle connections
[05-Oct-2020 13:11:03] NOTICE: Terminating ...
[05-Oct-2020 13:11:03] NOTICE: Terminating ...
[05-Oct-2020 13:11:03] NOTICE: exiting, bye-bye!
[12-Oct-2020 13:38:48] NOTICE: fpm is running, pid 3514
[12-Oct-2020 13:38:48] NOTICE: ready to handle connections
[12-Oct-2020 14:00:20] NOTICE: Terminating ...
[12-Oct-2020 14:00:20] NOTICE: Terminating ...
[12-Oct-2020 14:00:20] NOTICE: exiting, bye-bye!
[14-Oct-2020 10:26:13] NOTICE: fpm is running, pid 5443
[14-Oct-2020 10:26:13] NOTICE: ready to handle connections
[14-Oct-2020 15:18:04] NOTICE: Terminating ...
[14-Oct-2020 15:18:04] NOTICE: Terminating ...
[14-Oct-2020 15:18:04] NOTICE: exiting, bye-bye!
[14-Oct-2020 20:28:23] NOTICE: fpm is running, pid 8071
[14-Oct-2020 20:28:23] NOTICE: ready to handle connections
[14-Oct-2020 21:39:43] NOTICE: Terminating ...
[14-Oct-2020 21:39:43] NOTICE: Terminating ...
[14-Oct-2020 21:39:43] NOTICE: exiting, bye-bye!
[15-Oct-2020 11:08:26] NOTICE: fpm is running, pid 1923
[15-Oct-2020 11:08:26] NOTICE: ready to handle connections
[15-Oct-2020 12:38:12] NOTICE: Terminating ...
[15-Oct-2020 12:38:12] NOTICE: Terminating ...
[15-Oct-2020 12:38:12] NOTICE: exiting, bye-bye!
[21-May-2021 10:37:01] NOTICE: fpm is running, pid 18668
[21-May-2021 10:37:01] NOTICE: ready to handle connections
[24-May-2021 09:01:12] NOTICE: Terminating ...
[24-May-2021 09:01:12] NOTICE: Terminating ...
[24-May-2021 09:01:12] NOTICE: exiting, bye-bye!
[01-Jun-2021 15:07:37] NOTICE: fpm is running, pid 16092
[01-Jun-2021 15:07:37] NOTICE: ready to handle connections
[01-Jun-2021 17:03:20] NOTICE: Terminating ...
[01-Jun-2021 17:03:20] NOTICE: Terminating ...
[01-Jun-2021 17:03:20] NOTICE: exiting, bye-bye!
[02-Jun-2021 09:51:21] NOTICE: fpm is running, pid 17941
[02-Jun-2021 09:51:21] NOTICE: ready to handle connections
[02-Jun-2021 11:25:01] NOTICE: Terminating ...
[02-Jun-2021 11:25:01] NOTICE: Terminating ...
[02-Jun-2021 11:25:01] NOTICE: exiting, bye-bye!
[02-Jun-2021 11:28:05] NOTICE: fpm is running, pid 781
[02-Jun-2021 11:28:05] NOTICE: ready to handle connections
[02-Jun-2021 12:55:39] NOTICE: Terminating ...
[02-Jun-2021 12:55:39] NOTICE: Terminating ...
[02-Jun-2021 12:55:39] NOTICE: exiting, bye-bye!
[07-Jun-2021 15:21:08] NOTICE: fpm is running, pid 2891
[07-Jun-2021 15:21:08] NOTICE: ready to handle connections
[07-Jun-2021 17:00:48] NOTICE: Terminating ...
[07-Jun-2021 17:00:48] NOTICE: Terminating ...
[07-Jun-2021 17:00:48] NOTICE: exiting, bye-bye!
[08-Jun-2021 11:32:34] NOTICE: fpm is running, pid 5765
[08-Jun-2021 11:32:34] NOTICE: ready to handle connections
[08-Jun-2021 15:07:41] NOTICE: Terminating ...
[08-Jun-2021 15:07:41] NOTICE: Terminating ...
[08-Jun-2021 15:07:41] NOTICE: exiting, bye-bye!
[08-Jun-2021 15:22:50] NOTICE: fpm is running, pid 7313
[08-Jun-2021 15:22:50] NOTICE: ready to handle connections
[08-Jun-2021 16:45:56] NOTICE: Terminating ...
[08-Jun-2021 16:45:56] NOTICE: Terminating ...
[08-Jun-2021 16:45:56] NOTICE: exiting, bye-bye!
[09-Jun-2021 15:48:44] NOTICE: fpm is running, pid 12065
[09-Jun-2021 15:48:44] NOTICE: ready to handle connections
[09-Jun-2021 16:49:29] NOTICE: Terminating ...
[09-Jun-2021 16:49:29] NOTICE: Terminating ...
[09-Jun-2021 16:49:29] NOTICE: exiting, bye-bye!
[11-Jun-2021 15:38:16] NOTICE: fpm is running, pid 2084
[11-Jun-2021 15:38:16] NOTICE: ready to handle connections
[11-Jun-2021 16:29:50] NOTICE: Terminating ...
[11-Jun-2021 16:29:50] NOTICE: Terminating ...
[11-Jun-2021 16:29:50] NOTICE: exiting, bye-bye!
[14-Jun-2021 11:07:47] NOTICE: fpm is running, pid 1106
[14-Jun-2021 11:07:47] NOTICE: ready to handle connections
[14-Jun-2021 15:40:09] NOTICE: Terminating ...
[14-Jun-2021 15:40:09] NOTICE: Terminating ...
[14-Jun-2021 15:40:09] NOTICE: exiting, bye-bye!
[14-Jun-2021 15:44:04] NOTICE: fpm is running, pid 858
[14-Jun-2021 15:44:04] NOTICE: ready to handle connections
[14-Jun-2021 16:45:45] NOTICE: Terminating ...
[14-Jun-2021 16:45:45] NOTICE: Terminating ...
[14-Jun-2021 16:45:45] NOTICE: exiting, bye-bye!
[15-Jun-2021 09:51:44] NOTICE: fpm is running, pid 83590
[15-Jun-2021 09:51:44] NOTICE: ready to handle connections
[16-Jun-2021 11:19:22] NOTICE: Terminating ...
[16-Jun-2021 11:19:22] NOTICE: Terminating ...
[16-Jun-2021 11:19:22] NOTICE: exiting, bye-bye!
[17-Jun-2021 09:24:36] NOTICE: fpm is running, pid 4754
[17-Jun-2021 09:24:36] NOTICE: ready to handle connections
[17-Jun-2021 11:56:43] NOTICE: Terminating ...
[17-Jun-2021 11:56:43] NOTICE: Terminating ...
[17-Jun-2021 11:56:43] NOTICE: exiting, bye-bye!
[17-Jun-2021 13:12:59] NOTICE: fpm is running, pid 7403
[17-Jun-2021 13:12:59] NOTICE: ready to handle connections
[17-Jun-2021 13:47:20] NOTICE: Terminating ...
[17-Jun-2021 13:47:20] NOTICE: Terminating ...
[17-Jun-2021 13:47:20] NOTICE: exiting, bye-bye!
[18-Jun-2021 16:15:05] NOTICE: fpm is running, pid 16553
[18-Jun-2021 16:15:05] NOTICE: ready to handle connections
[18-Jun-2021 16:37:38] NOTICE: Terminating ...
[18-Jun-2021 16:37:38] NOTICE: Terminating ...
[18-Jun-2021 16:37:38] NOTICE: exiting, bye-bye!
[21-Jun-2021 11:05:29] NOTICE: fpm is running, pid 2117
[21-Jun-2021 11:05:29] NOTICE: ready to handle connections
[21-Jun-2021 14:05:46] NOTICE: Terminating ...
[21-Jun-2021 14:05:46] NOTICE: Terminating ...
[21-Jun-2021 14:05:46] NOTICE: exiting, bye-bye!
[16-Jul-2021 09:28:15] NOTICE: fpm is running, pid 9612
[16-Jul-2021 09:28:15] NOTICE: ready to handle connections
[19-Jul-2021 08:45:02] NOTICE: Terminating ...
[19-Jul-2021 08:45:02] NOTICE: Terminating ...
[19-Jul-2021 08:45:02] NOTICE: exiting, bye-bye!
[20-Jul-2021 15:56:32] NOTICE: fpm is running, pid 12738
[20-Jul-2021 15:56:32] NOTICE: ready to handle connections
[20-Jul-2021 15:58:07] NOTICE: Terminating ...
[20-Jul-2021 15:58:07] NOTICE: Terminating ...
[20-Jul-2021 15:58:07] NOTICE: exiting, bye-bye!
[29-Jul-2021 15:49:34] NOTICE: fpm is running, pid 3440
[29-Jul-2021 15:49:34] NOTICE: ready to handle connections
[29-Jul-2021 16:52:48] NOTICE: Terminating ...
[29-Jul-2021 16:52:48] NOTICE: Terminating ...
[29-Jul-2021 16:52:48] NOTICE: exiting, bye-bye!
[02-Aug-2021 10:10:28] NOTICE: fpm is running, pid 1605
[02-Aug-2021 10:10:28] NOTICE: ready to handle connections
[02-Aug-2021 10:10:32] NOTICE: Terminating ...
[02-Aug-2021 10:10:32] NOTICE: Terminating ...
[02-Aug-2021 10:10:32] NOTICE: exiting, bye-bye!
[02-Aug-2021 10:13:08] NOTICE: fpm is running, pid 1689
[02-Aug-2021 10:13:08] NOTICE: ready to handle connections
[02-Aug-2021 15:16:09] NOTICE: Terminating ...
[02-Aug-2021 15:16:09] NOTICE: Terminating ...
[02-Aug-2021 15:16:09] NOTICE: exiting, bye-bye!
[02-Aug-2021 15:31:03] NOTICE: fpm is running, pid 6075
[02-Aug-2021 15:31:03] NOTICE: ready to handle connections
[03-Aug-2021 09:20:54] NOTICE: Terminating ...
[03-Aug-2021 09:20:54] NOTICE: Terminating ...
[03-Aug-2021 09:20:54] NOTICE: exiting, bye-bye!
[10-Aug-2021 09:38:46] NOTICE: fpm is running, pid 5842
[10-Aug-2021 09:38:46] NOTICE: ready to handle connections
[10-Aug-2021 10:57:39] NOTICE: Terminating ...
[10-Aug-2021 10:57:39] NOTICE: Terminating ...
[10-Aug-2021 10:57:39] NOTICE: exiting, bye-bye!
[10-Aug-2021 12:45:35] NOTICE: fpm is running, pid 1985
[10-Aug-2021 12:45:35] NOTICE: ready to handle connections
[10-Aug-2021 14:57:06] NOTICE: Terminating ...
[10-Aug-2021 14:57:06] NOTICE: Terminating ...
[10-Aug-2021 14:57:06] NOTICE: exiting, bye-bye!
[19-Aug-2021 14:32:29] NOTICE: fpm is running, pid 18838
[19-Aug-2021 14:32:29] NOTICE: ready to handle connections
[23-Aug-2021 08:34:02] NOTICE: Terminating ...
[23-Aug-2021 08:34:02] NOTICE: Terminating ...
[23-Aug-2021 08:34:02] NOTICE: exiting, bye-bye!
[24-Aug-2021 15:02:57] NOTICE: fpm is running, pid 5685
[24-Aug-2021 15:02:57] NOTICE: ready to handle connections
[25-Aug-2021 13:18:52] NOTICE: Terminating ...
[25-Aug-2021 13:18:52] NOTICE: Terminating ...
[25-Aug-2021 13:18:52] NOTICE: exiting, bye-bye!
[15-Sep-2021 14:38:47] NOTICE: fpm is running, pid 4612
[15-Sep-2021 14:38:47] NOTICE: ready to handle connections
[15-Sep-2021 16:15:21] NOTICE: Terminating ...
[15-Sep-2021 16:15:21] NOTICE: Terminating ...
[15-Sep-2021 16:15:21] NOTICE: exiting, bye-bye!
[30-Nov-2021 14:53:54] NOTICE: fpm is running, pid 17699
[30-Nov-2021 14:53:54] NOTICE: ready to handle connections
[30-Nov-2021 16:34:39] NOTICE: Terminating ...
[30-Nov-2021 16:34:39] NOTICE: Terminating ...
[30-Nov-2021 16:34:39] NOTICE: exiting, bye-bye!
[14-Dec-2021 15:13:14] NOTICE: fpm is running, pid 9589
[14-Dec-2021 15:13:14] NOTICE: ready to handle connections
[14-Dec-2021 16:42:45] NOTICE: Terminating ...
[14-Dec-2021 16:42:45] NOTICE: Terminating ...
[14-Dec-2021 16:42:45] NOTICE: exiting, bye-bye!
[16-Dec-2021 12:59:26] NOTICE: fpm is running, pid 45066
[16-Dec-2021 12:59:26] NOTICE: ready to handle connections
[17-Dec-2021 08:23:15] NOTICE: Terminating ...
[17-Dec-2021 08:23:15] NOTICE: Terminating ...
[17-Dec-2021 08:23:15] NOTICE: exiting, bye-bye!
[17-Dec-2021 14:36:05] NOTICE: fpm is running, pid 51294
[17-Dec-2021 14:36:05] NOTICE: ready to handle connections
[27-Dec-2021 08:08:26] NOTICE: Terminating ...
[27-Dec-2021 08:08:26] NOTICE: Terminating ...
[27-Dec-2021 08:08:26] NOTICE: exiting, bye-bye!
